<?xml version="1.0" encoding="UTF-8"?>
<robot generator="Robot 7.3.2 (Python 3.14.0 on win32)" generated="2025-11-24T14:20:08.070462" rpa="false" schemaversion="5">
<suite id="s1" name="Tests" source="C:\Users\Administrator\Downloads\Skola\OHTU\OHTUwebcounter\webcounter\src\tests">
<suite id="s1-s1" name="Increment" source="C:\Users\Administrator\Downloads\Skola\OHTU\OHTUwebcounter\webcounter\src\tests\increment.robot">
<kw name="Open And Configure Browser" owner="resource" type="SETUP">
<kw name="Set Selenium Speed" owner="SeleniumLibrary">
<arg>${DELAY}</arg>
<doc>Sets the delay that is waited after each Selenium command.</doc>
<status status="PASS" start="2025-11-24T14:20:09.544712" elapsed="0.000185"/>
</kw>
<kw name="Open Browser" owner="SeleniumLibrary">
<msg time="2025-11-24T14:20:09.545092" level="INFO">Opening browser 'firefox' to base url 'None'.</msg>
<arg>browser=${BROWSER}</arg>
<doc>Opens a new browser instance to the optional ``url``.</doc>
<status status="PASS" start="2025-11-24T14:20:09.544985" elapsed="5.393039"/>
</kw>
<status status="PASS" start="2025-11-24T14:20:09.544211" elapsed="5.393939"/>
</kw>
<test id="s1-s1-t1" name="At start the counter is zero" line="7">
<kw name="Go To" owner="SeleniumLibrary">
<msg time="2025-11-24T14:20:14.938760" level="INFO">Opening url 'http://localhost:5001'</msg>
<arg>${HOME_URL}</arg>
<doc>Navigates the current browser window to the provided ``url``.</doc>
<status status="PASS" start="2025-11-24T14:20:14.938637" elapsed="0.538391"/>
</kw>
<kw name="Title Should Be" owner="SeleniumLibrary">
<msg time="2025-11-24T14:20:15.978842" level="INFO">Page title is 'Laskuri'.</msg>
<arg>Laskuri</arg>
<doc>Verifies that the current page title equals ``title``.</doc>
<status status="PASS" start="2025-11-24T14:20:15.477277" elapsed="0.501665"/>
</kw>
<kw name="Page Should Contain" owner="SeleniumLibrary">
<msg time="2025-11-24T14:20:16.990117" level="INFO">Current page contains text 'nappia painettu 0 kertaa'.</msg>
<arg>nappia painettu 0 kertaa</arg>
<doc>Verifies that current page contains ``text``.</doc>
<status status="PASS" start="2025-11-24T14:20:15.979175" elapsed="1.011094"/>
</kw>
<status status="PASS" start="2025-11-24T14:20:14.938233" elapsed="2.052278"/>
</test>
<test id="s1-s1-t2" name="When button pressed twice the counter is two" line="12">
<kw name="Go To" owner="SeleniumLibrary">
<msg time="2025-11-24T14:20:16.991186" level="INFO">Opening url 'http://localhost:5001'</msg>
<arg>${HOME_URL}</arg>
<doc>Navigates the current browser window to the provided ``url``.</doc>
<status status="PASS" start="2025-11-24T14:20:16.991061" elapsed="0.514346"/>
</kw>
<kw name="Click Button" owner="SeleniumLibrary">
<msg time="2025-11-24T14:20:17.505963" level="INFO">Clicking button 'Paina'.</msg>
<arg>Paina</arg>
<doc>Clicks the button identified by ``locator``.</doc>
<status status="PASS" start="2025-11-24T14:20:17.505656" elapsed="2.029324"/>
</kw>
<kw name="Click Button" owner="SeleniumLibrary">
<msg time="2025-11-24T14:20:19.535441" level="INFO">Clicking button 'Paina'.</msg>
<arg>Paina</arg>
<doc>Clicks the button identified by ``locator``.</doc>
<status status="PASS" start="2025-11-24T14:20:19.535255" elapsed="2.019761"/>
</kw>
<kw name="Page Should Contain" owner="SeleniumLibrary">
<msg time="2025-11-24T14:20:22.559293" level="INFO">Current page contains text 'nappia painettu 2 kertaa'.</msg>
<arg>nappia painettu 2 kertaa</arg>
<doc>Verifies that current page contains ``text``.</doc>
<status status="PASS" start="2025-11-24T14:20:21.555237" elapsed="1.004165"/>
</kw>
<status status="PASS" start="2025-11-24T14:20:16.990802" elapsed="5.568818"/>
</test>
<kw name="Close Browser" owner="SeleniumLibrary" type="TEARDOWN">
<doc>Closes the current browser.</doc>
<status status="PASS" start="2025-11-24T14:20:22.560041" elapsed="4.377174"/>
</kw>
<status status="PASS" start="2025-11-24T14:20:08.151638" elapsed="18.785643"/>
</suite>
<status status="PASS" start="2025-11-24T14:20:08.071488" elapsed="18.866372"/>
</suite>
<statistics>
<total>
<stat pass="2" fail="0" skip="0">All Tests</stat>
</total>
<tag>
</tag>
<suite>
<stat name="Tests" id="s1" pass="2" fail="0" skip="0">Tests</stat>
<stat name="Increment" id="s1-s1" pass="2" fail="0" skip="0">Tests.Increment</stat>
</suite>
</statistics>
<errors>
</errors>
</robot>
